<?xml version="1.0" encoding="UTF-8" ?>
<testsuite tests="5" failures="0" name="scriptRunner.TestRunner" time="0.056" errors="2" skipped="1">
  <properties>
[...]
</properties>
  <testcase classname="Scenario: Employee Form" name="Given Application should be launched on browser" time="0.008"/>
  <testcase classname="Scenario: Employee Form" name="Given Application should be up and running" time="0"/>
  <testcase classname="Scenario: Employee Form" name="When Enter Employee Details" time="0.016">
    <error message="Returned value cannot be converted to WebElement: {stacktrace=Backtrace:
	Ordinal0 [0x00930C83+1707139]
	Ordinal0 [0x008968F1+1075441]
	Ordinal0 [0x0080DE72+515698]
	Ordinal0 [0x007A18B9+71865]
	Ordinal0 [0x007B9E17+171543]
	Ordinal0 [0x007B88CA+166090]
	Ordinal0 [0x007B84A4+165028]
	Ordinal0 [0x0079231E+8990]
	Ordinal0 [0x00792756+10070]
	Ordinal0 [0x00792E20+11808]
	Ordinal0 [0x008ABB67+1162087]
	GetHandleVerifier [0x009CA966+508998]
	GetHandleVerifier [0x009CA6A4+508292]
	GetHandleVerifier [0x009DF7B7+594583]
	GetHandleVerifier [0x009CB1D6+511158]
	Ordinal0 [0x008A402C+1130540]
	Ordinal0 [0x007921DA+8666]
	Ordinal0 [0x00791F1E+7966]
	GetHandleVerifier [0x00C8286C+3359564]
	BaseThreadInitThunk [0x76FD6359+25]
	RtlGetAppContainerNamedObjectPath [0x77E77C24+228]
	RtlGetAppContainerNamedObjectPath [0x77E77BF4+180]
, error=invalid session id, message=invalid session id}
Build info: version: &apos;3.1.0&apos;, revision: &apos;b94c902&apos;, time: &apos;2017-02-16 12:21:31 -0800&apos;
System info: host: &apos;DESKTOP-01THEB1&apos;, ip: &apos;192.168.1.13&apos;, os.name: &apos;Windows 10&apos;, os.arch: &apos;amd64&apos;, os.version: &apos;10.0&apos;, java.version: &apos;1.8.0_172&apos;
Driver info: driver.version: RemoteWebDriver" type="org.openqa.selenium.WebDriverException">org.openqa.selenium.WebDriverException: Returned value cannot be converted to WebElement: {stacktrace=Backtrace:
	Ordinal0 [0x00930C83+1707139]
	Ordinal0 [0x008968F1+1075441]
	Ordinal0 [0x0080DE72+515698]
	Ordinal0 [0x007A18B9+71865]
	Ordinal0 [0x007B9E17+171543]
	Ordinal0 [0x007B88CA+166090]
	Ordinal0 [0x007B84A4+165028]
	Ordinal0 [0x0079231E+8990]
	Ordinal0 [0x00792756+10070]
	Ordinal0 [0x00792E20+11808]
	Ordinal0 [0x008ABB67+1162087]
	GetHandleVerifier [0x009CA966+508998]
	GetHandleVerifier [0x009CA6A4+508292]
	GetHandleVerifier [0x009DF7B7+594583]
	GetHandleVerifier [0x009CB1D6+511158]
	Ordinal0 [0x008A402C+1130540]
	Ordinal0 [0x007921DA+8666]
	Ordinal0 [0x00791F1E+7966]
	GetHandleVerifier [0x00C8286C+3359564]
	BaseThreadInitThunk [0x76FD6359+25]
	RtlGetAppContainerNamedObjectPath [0x77E77C24+228]
	RtlGetAppContainerNamedObjectPath [0x77E77BF4+180]
, error=invalid session id, message=invalid session id}
Build info: version: &apos;3.1.0&apos;, revision: &apos;b94c902&apos;, time: &apos;2017-02-16 12:21:31 -0800&apos;
System info: host: &apos;DESKTOP-01THEB1&apos;, ip: &apos;192.168.1.13&apos;, os.name: &apos;Windows 10&apos;, os.arch: &apos;amd64&apos;, os.version: &apos;10.0&apos;, java.version: &apos;1.8.0_172&apos;
Driver info: driver.version: RemoteWebDriver
	at org.openqa.selenium.remote.RemoteWebDriver.findElement(RemoteWebDriver.java:375)
	at org.openqa.selenium.remote.RemoteWebDriver.findElementByName(RemoteWebDriver.java:449)
	at org.openqa.selenium.By$ByName.findElement(By.java:303)
	at org.openqa.selenium.remote.RemoteWebDriver.findElement(RemoteWebDriver.java:360)
	at org.openqa.selenium.support.pagefactory.DefaultElementLocator.findElement(DefaultElementLocator.java:69)
	at org.openqa.selenium.support.pagefactory.internal.LocatingElementHandler.invoke(LocatingElementHandler.java:38)
	at com.sun.proxy.$Proxy17.sendKeys(Unknown Source)
	at frameworkUtility.FunctionLibrary.enterText(FunctionLibrary.java:92)
	at stepDefinations.CreateEmployeeDetails.enter_Employee_Details(CreateEmployeeDetails.java:36)
	at ✽.When Enter Employee Details(empDetails.feature:30)
Caused by: java.lang.ClassCastException: com.google.common.collect.Maps$TransformedEntriesMap cannot be cast to org.openqa.selenium.WebElement
	at org.openqa.selenium.remote.RemoteWebDriver.findElement(RemoteWebDriver.java:373)
	at org.openqa.selenium.remote.RemoteWebDriver.findElementByName(RemoteWebDriver.java:449)
	at org.openqa.selenium.By$ByName.findElement(By.java:303)
	at org.openqa.selenium.remote.RemoteWebDriver.findElement(RemoteWebDriver.java:360)
	at org.openqa.selenium.support.pagefactory.DefaultElementLocator.findElement(DefaultElementLocator.java:69)
	at org.openqa.selenium.support.pagefactory.internal.LocatingElementHandler.invoke(LocatingElementHandler.java:38)
	at com.sun.proxy.$Proxy17.sendKeys(Unknown Source)
	at frameworkUtility.FunctionLibrary.enterText(FunctionLibrary.java:92)
	at stepDefinations.CreateEmployeeDetails.enter_Employee_Details(CreateEmployeeDetails.java:36)
	at sun.reflect.NativeMethodAccessorImpl.invoke0(Native Method)
	at sun.reflect.NativeMethodAccessorImpl.invoke(NativeMethodAccessorImpl.java:62)
	at sun.reflect.DelegatingMethodAccessorImpl.invoke(DelegatingMethodAccessorImpl.java:43)
	at java.lang.reflect.Method.invoke(Method.java:498)
	at cucumber.runtime.Utils$1.call(Utils.java:40)
	at cucumber.runtime.Timeout.timeout(Timeout.java:16)
	at cucumber.runtime.Utils.invoke(Utils.java:34)
	at cucumber.runtime.java.JavaStepDefinition.execute(JavaStepDefinition.java:38)
	at cucumber.runtime.StepDefinitionMatch.runStep(StepDefinitionMatch.java:37)
	at cucumber.runtime.Runtime.runStep(Runtime.java:300)
	at cucumber.runtime.model.StepContainer.runStep(StepContainer.java:44)
	at cucumber.runtime.model.StepContainer.runSteps(StepContainer.java:39)
	at cucumber.runtime.model.CucumberScenario.run(CucumberScenario.java:44)
	at cucumber.runtime.junit.ExecutionUnitRunner.run(ExecutionUnitRunner.java:102)
	at cucumber.runtime.junit.FeatureRunner.runChild(FeatureRunner.java:63)
	at cucumber.runtime.junit.FeatureRunner.runChild(FeatureRunner.java:18)
	at org.junit.runners.ParentRunner$3.run(ParentRunner.java:290)
	at org.junit.runners.ParentRunner$1.schedule(ParentRunner.java:71)
	at org.junit.runners.ParentRunner.runChildren(ParentRunner.java:288)
	at org.junit.runners.ParentRunner.access$000(ParentRunner.java:58)
	at org.junit.runners.ParentRunner$2.evaluate(ParentRunner.java:268)
	at org.junit.runners.ParentRunner.run(ParentRunner.java:363)
	at cucumber.runtime.junit.FeatureRunner.run(FeatureRunner.java:70)
	at cucumber.api.junit.Cucumber.runChild(Cucumber.java:95)
	at cucumber.api.junit.Cucumber.runChild(Cucumber.java:38)
	at org.junit.runners.ParentRunner$3.run(ParentRunner.java:290)
	at org.junit.runners.ParentRunner$1.schedule(ParentRunner.java:71)
	at org.junit.runners.ParentRunner.runChildren(ParentRunner.java:288)
	at org.junit.runners.ParentRunner.access$000(ParentRunner.java:58)
	at org.junit.runners.ParentRunner$2.evaluate(ParentRunner.java:268)
	at org.junit.internal.runners.statements.RunBefores.evaluate(RunBefores.java:26)
	at org.junit.internal.runners.statements.RunAfters.evaluate(RunAfters.java:27)
	at org.junit.runners.ParentRunner.run(ParentRunner.java:363)
	at cucumber.api.junit.Cucumber.run(Cucumber.java:100)
	at org.apache.maven.surefire.junit4.JUnit4Provider.execute(JUnit4Provider.java:252)
	at org.apache.maven.surefire.junit4.JUnit4Provider.executeTestSet(JUnit4Provider.java:141)
	at org.apache.maven.surefire.junit4.JUnit4Provider.invoke(JUnit4Provider.java:112)
	at sun.reflect.NativeMethodAccessorImpl.invoke0(Native Method)
	at sun.reflect.NativeMethodAccessorImpl.invoke(NativeMethodAccessorImpl.java:62)
	at sun.reflect.DelegatingMethodAccessorImpl.invoke(DelegatingMethodAccessorImpl.java:43)
	at java.lang.reflect.Method.invoke(Method.java:498)
	at org.apache.maven.surefire.util.ReflectionUtils.invokeMethodWithArray(ReflectionUtils.java:189)
	at org.apache.maven.surefire.booter.ProviderFactory$ProviderProxy.invoke(ProviderFactory.java:165)
	at org.apache.maven.surefire.booter.ProviderFactory.invokeProvider(ProviderFactory.java:85)
	at org.apache.maven.surefire.booter.ForkedBooter.runSuitesInProcess(ForkedBooter.java:115)
	at org.apache.maven.surefire.booter.ForkedBooter.main(ForkedBooter.java:75)
</error>
  </testcase>
  <testcase classname="Scenario: Employee Form" name="Scenario: Employee Form" time="0.016">
    <error message="Returned value cannot be converted to WebElement: {stacktrace=Backtrace:
	Ordinal0 [0x00930C83+1707139]
	Ordinal0 [0x008968F1+1075441]
	Ordinal0 [0x0080DE72+515698]
	Ordinal0 [0x007A18B9+71865]
	Ordinal0 [0x007B9E17+171543]
	Ordinal0 [0x007B88CA+166090]
	Ordinal0 [0x007B84A4+165028]
	Ordinal0 [0x0079231E+8990]
	Ordinal0 [0x00792756+10070]
	Ordinal0 [0x00792E20+11808]
	Ordinal0 [0x008ABB67+1162087]
	GetHandleVerifier [0x009CA966+508998]
	GetHandleVerifier [0x009CA6A4+508292]
	GetHandleVerifier [0x009DF7B7+594583]
	GetHandleVerifier [0x009CB1D6+511158]
	Ordinal0 [0x008A402C+1130540]
	Ordinal0 [0x007921DA+8666]
	Ordinal0 [0x00791F1E+7966]
	GetHandleVerifier [0x00C8286C+3359564]
	BaseThreadInitThunk [0x76FD6359+25]
	RtlGetAppContainerNamedObjectPath [0x77E77C24+228]
	RtlGetAppContainerNamedObjectPath [0x77E77BF4+180]
, error=invalid session id, message=invalid session id}
Build info: version: &apos;3.1.0&apos;, revision: &apos;b94c902&apos;, time: &apos;2017-02-16 12:21:31 -0800&apos;
System info: host: &apos;DESKTOP-01THEB1&apos;, ip: &apos;192.168.1.13&apos;, os.name: &apos;Windows 10&apos;, os.arch: &apos;amd64&apos;, os.version: &apos;10.0&apos;, java.version: &apos;1.8.0_172&apos;
Driver info: driver.version: RemoteWebDriver" type="org.openqa.selenium.WebDriverException">org.openqa.selenium.WebDriverException: Returned value cannot be converted to WebElement: {stacktrace=Backtrace:
	Ordinal0 [0x00930C83+1707139]
	Ordinal0 [0x008968F1+1075441]
	Ordinal0 [0x0080DE72+515698]
	Ordinal0 [0x007A18B9+71865]
	Ordinal0 [0x007B9E17+171543]
	Ordinal0 [0x007B88CA+166090]
	Ordinal0 [0x007B84A4+165028]
	Ordinal0 [0x0079231E+8990]
	Ordinal0 [0x00792756+10070]
	Ordinal0 [0x00792E20+11808]
	Ordinal0 [0x008ABB67+1162087]
	GetHandleVerifier [0x009CA966+508998]
	GetHandleVerifier [0x009CA6A4+508292]
	GetHandleVerifier [0x009DF7B7+594583]
	GetHandleVerifier [0x009CB1D6+511158]
	Ordinal0 [0x008A402C+1130540]
	Ordinal0 [0x007921DA+8666]
	Ordinal0 [0x00791F1E+7966]
	GetHandleVerifier [0x00C8286C+3359564]
	BaseThreadInitThunk [0x76FD6359+25]
	RtlGetAppContainerNamedObjectPath [0x77E77C24+228]
	RtlGetAppContainerNamedObjectPath [0x77E77BF4+180]
, error=invalid session id, message=invalid session id}
Build info: version: &apos;3.1.0&apos;, revision: &apos;b94c902&apos;, time: &apos;2017-02-16 12:21:31 -0800&apos;
System info: host: &apos;DESKTOP-01THEB1&apos;, ip: &apos;192.168.1.13&apos;, os.name: &apos;Windows 10&apos;, os.arch: &apos;amd64&apos;, os.version: &apos;10.0&apos;, java.version: &apos;1.8.0_172&apos;
Driver info: driver.version: RemoteWebDriver
	at org.openqa.selenium.remote.RemoteWebDriver.findElement(RemoteWebDriver.java:375)
	at org.openqa.selenium.remote.RemoteWebDriver.findElementByName(RemoteWebDriver.java:449)
	at org.openqa.selenium.By$ByName.findElement(By.java:303)
	at org.openqa.selenium.remote.RemoteWebDriver.findElement(RemoteWebDriver.java:360)
	at org.openqa.selenium.support.pagefactory.DefaultElementLocator.findElement(DefaultElementLocator.java:69)
	at org.openqa.selenium.support.pagefactory.internal.LocatingElementHandler.invoke(LocatingElementHandler.java:38)
	at com.sun.proxy.$Proxy17.sendKeys(Unknown Source)
	at frameworkUtility.FunctionLibrary.enterText(FunctionLibrary.java:92)
	at stepDefinations.CreateEmployeeDetails.enter_Employee_Details(CreateEmployeeDetails.java:36)
	at ✽.When Enter Employee Details(empDetails.feature:30)
Caused by: java.lang.ClassCastException: com.google.common.collect.Maps$TransformedEntriesMap cannot be cast to org.openqa.selenium.WebElement
	at org.openqa.selenium.remote.RemoteWebDriver.findElement(RemoteWebDriver.java:373)
	at org.openqa.selenium.remote.RemoteWebDriver.findElementByName(RemoteWebDriver.java:449)
	at org.openqa.selenium.By$ByName.findElement(By.java:303)
	at org.openqa.selenium.remote.RemoteWebDriver.findElement(RemoteWebDriver.java:360)
	at org.openqa.selenium.support.pagefactory.DefaultElementLocator.findElement(DefaultElementLocator.java:69)
	at org.openqa.selenium.support.pagefactory.internal.LocatingElementHandler.invoke(LocatingElementHandler.java:38)
	at com.sun.proxy.$Proxy17.sendKeys(Unknown Source)
	at frameworkUtility.FunctionLibrary.enterText(FunctionLibrary.java:92)
	at stepDefinations.CreateEmployeeDetails.enter_Employee_Details(CreateEmployeeDetails.java:36)
	at sun.reflect.NativeMethodAccessorImpl.invoke0(Native Method)
	at sun.reflect.NativeMethodAccessorImpl.invoke(NativeMethodAccessorImpl.java:62)
	at sun.reflect.DelegatingMethodAccessorImpl.invoke(DelegatingMethodAccessorImpl.java:43)
	at java.lang.reflect.Method.invoke(Method.java:498)
	at cucumber.runtime.Utils$1.call(Utils.java:40)
	at cucumber.runtime.Timeout.timeout(Timeout.java:16)
	at cucumber.runtime.Utils.invoke(Utils.java:34)
	at cucumber.runtime.java.JavaStepDefinition.execute(JavaStepDefinition.java:38)
	at cucumber.runtime.StepDefinitionMatch.runStep(StepDefinitionMatch.java:37)
	at cucumber.runtime.Runtime.runStep(Runtime.java:300)
	at cucumber.runtime.model.StepContainer.runStep(StepContainer.java:44)
	at cucumber.runtime.model.StepContainer.runSteps(StepContainer.java:39)
	at cucumber.runtime.model.CucumberScenario.run(CucumberScenario.java:44)
	at cucumber.runtime.junit.ExecutionUnitRunner.run(ExecutionUnitRunner.java:102)
	at cucumber.runtime.junit.FeatureRunner.runChild(FeatureRunner.java:63)
	at cucumber.runtime.junit.FeatureRunner.runChild(FeatureRunner.java:18)
	at org.junit.runners.ParentRunner$3.run(ParentRunner.java:290)
	at org.junit.runners.ParentRunner$1.schedule(ParentRunner.java:71)
	at org.junit.runners.ParentRunner.runChildren(ParentRunner.java:288)
	at org.junit.runners.ParentRunner.access$000(ParentRunner.java:58)
	at org.junit.runners.ParentRunner$2.evaluate(ParentRunner.java:268)
	at org.junit.runners.ParentRunner.run(ParentRunner.java:363)
	at cucumber.runtime.junit.FeatureRunner.run(FeatureRunner.java:70)
	at cucumber.api.junit.Cucumber.runChild(Cucumber.java:95)
	at cucumber.api.junit.Cucumber.runChild(Cucumber.java:38)
	at org.junit.runners.ParentRunner$3.run(ParentRunner.java:290)
	at org.junit.runners.ParentRunner$1.schedule(ParentRunner.java:71)
	at org.junit.runners.ParentRunner.runChildren(ParentRunner.java:288)
	at org.junit.runners.ParentRunner.access$000(ParentRunner.java:58)
	at org.junit.runners.ParentRunner$2.evaluate(ParentRunner.java:268)
	at org.junit.internal.runners.statements.RunBefores.evaluate(RunBefores.java:26)
	at org.junit.internal.runners.statements.RunAfters.evaluate(RunAfters.java:27)
	at org.junit.runners.ParentRunner.run(ParentRunner.java:363)
	at cucumber.api.junit.Cucumber.run(Cucumber.java:100)
	at org.apache.maven.surefire.junit4.JUnit4Provider.execute(JUnit4Provider.java:252)
	at org.apache.maven.surefire.junit4.JUnit4Provider.executeTestSet(JUnit4Provider.java:141)
	at org.apache.maven.surefire.junit4.JUnit4Provider.invoke(JUnit4Provider.java:112)
	at sun.reflect.NativeMethodAccessorImpl.invoke0(Native Method)
	at sun.reflect.NativeMethodAccessorImpl.invoke(NativeMethodAccessorImpl.java:62)
	at sun.reflect.DelegatingMethodAccessorImpl.invoke(DelegatingMethodAccessorImpl.java:43)
	at java.lang.reflect.Method.invoke(Method.java:498)
	at org.apache.maven.surefire.util.ReflectionUtils.invokeMethodWithArray(ReflectionUtils.java:189)
	at org.apache.maven.surefire.booter.ProviderFactory$ProviderProxy.invoke(ProviderFactory.java:165)
	at org.apache.maven.surefire.booter.ProviderFactory.invokeProvider(ProviderFactory.java:85)
	at org.apache.maven.surefire.booter.ForkedBooter.runSuitesInProcess(ForkedBooter.java:115)
	at org.apache.maven.surefire.booter.ForkedBooter.main(ForkedBooter.java:75)
</error>
  </testcase>
  <testcase classname="Scenario: Employee Form" name="Then Click on Submit" time="0.016">
    <skipped/>
  </testcase>
</testsuite>